<?xml version="1.0" encoding="UTF-8"?>
<!-- Generated by org.testng.reporters.JUnitReportReporter -->
<testsuite skipped="0" hostname="703300717USM.local" name="SampleImageTest" tests="1" failures="0" timestamp="2022-02-21T16:56:16 IST" time="2.826" errors="0">
  <testcase name="checkImageTypeTest" time="2.826" classname="SampleImageTest"/>
  <system-out/>
</testsuite> <!-- SampleImageTest -->
